0 info it worked if it ends with ok
1 verbose cli [ '/Users/aaron/.nvm/versions/node/v7.2.0/bin/node',
1 verbose cli   '/Users/aaron/.nvm/versions/node/v7.2.0/bin/npm',
1 verbose cli   'run',
1 verbose cli   'dev' ]
2 info using npm@3.10.9
3 info using node@v7.2.0
4 verbose run-script [ 'predev', 'dev', 'postdev' ]
5 info lifecycle ports@1.0.0~predev: ports@1.0.0
6 silly lifecycle ports@1.0.0~predev: no script for predev, continuing
7 info lifecycle ports@1.0.0~dev: ports@1.0.0
8 verbose lifecycle ports@1.0.0~dev: unsafe-perm in lifecycle true
9 verbose lifecycle ports@1.0.0~dev: PATH: /Users/aaron/.nvm/versions/node/v7.2.0/lib/node_modules/npm/bin/node-gyp-bin:/Users/aaron/Desktop/dev/elm/sample-apps/ports/node_modules/.bin:/Users/aaron/.local/bin:/Users/aaron/miniconda3/bin:/Users/aaron/.nvm/versions/node/v7.2.0/bin:/usr/local/bin:/usr/bin:/bin:/usr/sbin:/sbin:/usr/local/Cellar/graphicsmagick/1.3.21/bin
10 verbose lifecycle ports@1.0.0~dev: CWD: /Users/aaron/Desktop/dev/elm/sample-apps/ports
11 silly lifecycle ports@1.0.0~dev: Args: [ '-c', 'webpack-dev-server --port 3000' ]
12 silly lifecycle ports@1.0.0~dev: Returned: code: 1  signal: null
13 info lifecycle ports@1.0.0~dev: Failed to exec dev script
14 verbose stack Error: ports@1.0.0 dev: `webpack-dev-server --port 3000`
14 verbose stack Exit status 1
14 verbose stack     at EventEmitter.<anonymous> (/Users/aaron/.nvm/versions/node/v7.2.0/lib/node_modules/npm/lib/utils/lifecycle.js:255:16)
14 verbose stack     at emitTwo (events.js:106:13)
14 verbose stack     at EventEmitter.emit (events.js:191:7)
14 verbose stack     at ChildProcess.<anonymous> (/Users/aaron/.nvm/versions/node/v7.2.0/lib/node_modules/npm/lib/utils/spawn.js:40:14)
14 verbose stack     at emitTwo (events.js:106:13)
14 verbose stack     at ChildProcess.emit (events.js:191:7)
14 verbose stack     at maybeClose (internal/child_process.js:885:16)
14 verbose stack     at Process.ChildProcess._handle.onexit (internal/child_process.js:226:5)
15 verbose pkgid ports@1.0.0
16 verbose cwd /Users/aaron/Desktop/dev/elm/sample-apps/ports
17 error Darwin 15.6.0
18 error argv "/Users/aaron/.nvm/versions/node/v7.2.0/bin/node" "/Users/aaron/.nvm/versions/node/v7.2.0/bin/npm" "run" "dev"
19 error node v7.2.0
20 error npm  v3.10.9
21 error code ELIFECYCLE
22 error ports@1.0.0 dev: `webpack-dev-server --port 3000`
22 error Exit status 1
23 error Failed at the ports@1.0.0 dev script 'webpack-dev-server --port 3000'.
23 error Make sure you have the latest version of node.js and npm installed.
23 error If you do, this is most likely a problem with the ports package,
23 error not with npm itself.
23 error Tell the author that this fails on your system:
23 error     webpack-dev-server --port 3000
23 error You can get information on how to open an issue for this project with:
23 error     npm bugs ports
23 error Or if that isn't available, you can get their info via:
23 error     npm owner ls ports
23 error There is likely additional logging output above.
24 verbose exit [ 1, true ]
